Using pre-set license
Built from '2020.3/staging' branch; Version is '2020.3.20f1 (41c4e627c95f) revision 4310246'; Using compiler version '192528614'; Build Type 'Release'
OS: 'Windows 10 Pro; OS build 19041.804; Version 2004; 64bit' Language: 'fi' Physical Memory: 16339 MB
BatchMode: 1, IsHumanControllingUs: 0, StartBugReporterOnCrash: 0, Is64bit: 1, IsPro: 0

COMMAND LINE ARGUMENTS:
C:\Program Files\Unity\Hub\Editor\2020.3.20f1\Editor\Unity.exe
-adb2
-batchMode
-noUpm
-name
AssetImportWorker0
-projectPath
C:/Users/Kristian/Desktop/Koulu/Sulautetut-järjestelmät-projekti/sulautetut-jarjestelmat-projekti
-logFile
Logs/AssetImportWorker0.log
-srvPort
56537
Successfully changed project path to: C:/Users/Kristian/Desktop/Koulu/Sulautetut-järjestelmät-projekti/sulautetut-jarjestelmat-projekti
C:/Users/Kristian/Desktop/Koulu/Sulautetut-järjestelmät-projekti/sulautetut-jarjestelmat-projekti
Using Asset Import Pipeline V2.
Refreshing native plugins compatible for Editor in 57.34 ms, found 2 plugins.
Preloading 0 native plugins for Editor in 0.00 ms.
Initialize engine version: 2020.3.20f1 (41c4e627c95f)
[Subsystems] Discovering subsystems at path C:/Program Files/Unity/Hub/Editor/2020.3.20f1/Editor/Data/Resources/UnitySubsystems
[Subsystems] Discovering subsystems at path C:/Users/Kristian/Desktop/Koulu/Sulautetut-järjestelmät-projekti/sulautetut-jarjestelmat-projekti/Assets
GfxDevice: creating device client; threaded=0
Direct3D:
    Version:  Direct3D 11.0 [level 11.1]
    Renderer: NVIDIA GeForce GTX 1070 Ti (ID=0x1b82)
    Vendor:   
    VRAM:     8079 MB
    Driver:   27.21.14.6611
Initialize mono
Mono path[0] = 'C:/Program Files/Unity/Hub/Editor/2020.3.20f1/Editor/Data/Managed'
Mono path[1] = 'C:/Program Files/Unity/Hub/Editor/2020.3.20f1/Editor/Data/MonoBleedingEdge/lib/mono/unityjit'
Mono config path = 'C:/Program Files/Unity/Hub/Editor/2020.3.20f1/Editor/Data/MonoBleedingEdge/etc'
Using monoOptions --debugger-agent=transport=dt_socket,embedding=1,server=y,suspend=n,address=127.0.0.1:56892
Begin MonoManager ReloadAssembly
Registering precompiled unity dll's ...
Register platform support module: C:/Program Files/Unity/Hub/Editor/2020.3.20f1/Editor/Data/PlaybackEngines/WindowsStandaloneSupport/UnityEditor.WindowsStandalone.Extensions.dll
Registered in 0.002371 seconds.
Native extension for WindowsStandalone target not found
Refreshing native plugins compatible for Editor in 38.60 ms, found 2 plugins.
Preloading 0 native plugins for Editor in 0.00 ms.
Mono: successfully reloaded assembly
- Completed reload, in  1.196 seconds
Domain Reload Profiling:
	ReloadAssembly (1196ms)
		BeginReloadAssembly (61ms)
			ExecutionOrderSort (0ms)
			DisableScriptedObjects (0ms)
			BackupInstance (0ms)
			ReleaseScriptingObjects (0ms)
			CreateAndSetChildDomain (1ms)
		EndReloadAssembly (461ms)
			LoadAssemblies (57ms)
			RebuildTransferFunctionScriptingTraits (0ms)
			SetupTypeCache (191ms)
			ReleaseScriptCaches (0ms)
			RebuildScriptCaches (31ms)
			SetupLoadedEditorAssemblies (164ms)
				LogAssemblyErrors (0ms)
				InitializePlatformSupportModulesInManaged (4ms)
				SetLoadedEditorAssemblies (0ms)
				RefreshPlugins (39ms)
				BeforeProcessingInitializeOnLoad (17ms)
				ProcessInitializeOnLoadAttributes (77ms)
				ProcessInitializeOnLoadMethodAttributes (27ms)
				AfterProcessingInitializeOnLoad (0ms)
				EditorAssembliesLoaded (0ms)
			ExecutionOrderSort2 (0ms)
			AwakeInstancesAfterBackupRestoration (0ms)
Platform modules already initialized, skipping
Registering precompiled user dll's ...
Registered in 0.003937 seconds.
Begin MonoManager ReloadAssembly
Native extension for WindowsStandalone target not found
Refreshing native plugins compatible for Editor in 0.58 ms, found 2 plugins.
Preloading 0 native plugins for Editor in 0.00 ms.
Mono: successfully reloaded assembly
- Completed reload, in  1.123 seconds
Domain Reload Profiling:
	ReloadAssembly (1124ms)
		BeginReloadAssembly (149ms)
			ExecutionOrderSort (0ms)
			DisableScriptedObjects (4ms)
			BackupInstance (0ms)
			ReleaseScriptingObjects (0ms)
			CreateAndSetChildDomain (18ms)
		EndReloadAssembly (911ms)
			LoadAssemblies (99ms)
			RebuildTransferFunctionScriptingTraits (0ms)
			SetupTypeCache (280ms)
			ReleaseScriptCaches (0ms)
			RebuildScriptCaches (43ms)
			SetupLoadedEditorAssemblies (379ms)
				LogAssemblyErrors (0ms)
				InitializePlatformSupportModulesInManaged (5ms)
				SetLoadedEditorAssemblies (1ms)
				RefreshPlugins (1ms)
				BeforeProcessingInitializeOnLoad (119ms)
				ProcessInitializeOnLoadAttributes (241ms)
				ProcessInitializeOnLoadMethodAttributes (4ms)
				AfterProcessingInitializeOnLoad (8ms)
				EditorAssembliesLoaded (0ms)
			ExecutionOrderSort2 (0ms)
			AwakeInstancesAfterBackupRestoration (6ms)
Platform modules already initialized, skipping
========================================================================
Worker process is ready to serve import requests
Launched and connected shader compiler UnityShaderCompiler.exe after 0.08 seconds
Refreshing native plugins compatible for Editor in 0.50 ms, found 2 plugins.
Preloading 0 native plugins for Editor in 0.00 ms.
Unloading 1835 Unused Serialized files (Serialized files now loaded: 0)
System memory in use before: 87.6 MB.
System memory in use after: 87.6 MB.

Unloading 17 unused Assets to reduce memory usage. Loaded Objects now: 2277.
Total: 3.317200 ms (FindLiveObjects: 0.259100 ms CreateObjectMapping: 0.077700 ms MarkObjects: 2.837600 ms  DeleteObjects: 0.140500 ms)

AssetImportParameters requested are different than current active one (requested -> active):
  custom:framework-win-MediaFoundation: 216162199b28c13a410421893ffa2e32 -> 
  custom:video-decoder-ogg-theora: a1e56fd34408186e4bbccfd4996cb3dc -> 
  custom:container-muxer-webm: aa71ff27fc2769a1b78a27578f13a17b -> 
  custom:container-demuxer-webm: 4f35f7cbe854078d1ac9338744f61a02 -> 
  custom:container-demuxer-ogg: 62fdf1f143b41e24485cea50d1cbac27 -> 
  custom:video-encoder-webm-vp8: eb34c28f22e8b96e1ab97ce403110664 -> 
  custom:video-decoder-webm-vp8: 9c59270c3fd7afecdb556c50c9e8de78 -> 
  custom:audio-decoder-ogg-vorbis: bf7c407c2cedff20999df2af8eb42d56 -> 
  custom:audio-encoder-webm-vorbis: bf7c407c2cedff20999df2af8eb42d56 -> 
========================================================================
Received Import Request.
  path: Assets/Scenes/SampleScene2.unity
  artifactKey: Guid(1bdcf9dcded062242961cb7a2db6285a) Importer(815301076,1909f56bfc062723c751e8b465ee728b)
Start importing Assets/Scenes/SampleScene2.unity using Guid(1bdcf9dcded062242961cb7a2db6285a) Importer(815301076,1909f56bfc062723c751e8b465ee728b)  -> (artifact id: 'e03b3e3ff2ec32917422fce86729dc43') in 0.015177 seconds 
  Import took 0.017940 seconds .

========================================================================
Received Import Request.
  Time since last request: 32.077681 seconds.
  path: Assets/Sounds/correct_delivery.wav
  artifactKey: Guid(89138429a69fe054eb1b20d5e9a26d40) Importer(815301076,1909f56bfc062723c751e8b465ee728b)
Start importing Assets/Sounds/correct_delivery.wav using Guid(89138429a69fe054eb1b20d5e9a26d40) Importer(815301076,1909f56bfc062723c751e8b465ee728b)  -> (artifact id: 'f208a2fe1db41de3b290c96daf7aff8f') in 0.128225 seconds 
  Import took 0.131368 seconds .

========================================================================
Received Import Request.
  Time since last request: 0.000239 seconds.
  path: Assets/Sounds/new_order.wav
  artifactKey: Guid(3cfef0c6b9b0a544b8e603d6bc12fd5f) Importer(815301076,1909f56bfc062723c751e8b465ee728b)
Start importing Assets/Sounds/new_order.wav using Guid(3cfef0c6b9b0a544b8e603d6bc12fd5f) Importer(815301076,1909f56bfc062723c751e8b465ee728b)  -> (artifact id: 'c1a2c865edad3d8075390344e28a4935') in 0.012621 seconds 
  Import took 0.015246 seconds .

========================================================================
Received Import Request.
  Time since last request: 0.000260 seconds.
  path: Assets/Sounds/pizzaoven_ready.mp3
  artifactKey: Guid(9bdea031c642ac14fa9a3e9aba3fb101) Importer(815301076,1909f56bfc062723c751e8b465ee728b)
Start importing Assets/Sounds/pizzaoven_ready.mp3 using Guid(9bdea031c642ac14fa9a3e9aba3fb101) Importer(815301076,1909f56bfc062723c751e8b465ee728b)  -> (artifact id: 'dce0a0d878ffd315906b5867116255f6') in 0.016391 seconds 
  Import took 0.019241 seconds .

========================================================================
Received Import Request.
  Time since last request: 0.000234 seconds.
  path: Assets/Sounds/countdown.wav
  artifactKey: Guid(434b95692560c5449b2742e8ed3f5912) Importer(815301076,1909f56bfc062723c751e8b465ee728b)
Start importing Assets/Sounds/countdown.wav using Guid(434b95692560c5449b2742e8ed3f5912) Importer(815301076,1909f56bfc062723c751e8b465ee728b)  -> (artifact id: '4e65fbbb5b702600427519e8165b7d0e') in 0.021631 seconds 
  Import took 0.024879 seconds .

========================================================================
Received Import Request.
  Time since last request: 0.000217 seconds.
  path: Assets/Sounds/countdown_end.wav
  artifactKey: Guid(175841d202188c240a8553a57a272d7c) Importer(815301076,1909f56bfc062723c751e8b465ee728b)
Start importing Assets/Sounds/countdown_end.wav using Guid(175841d202188c240a8553a57a272d7c) Importer(815301076,1909f56bfc062723c751e8b465ee728b)  -> (artifact id: 'ec8ad41e25f04304f2c6f1add3780d1e') in 0.009282 seconds 
  Import took 0.012536 seconds .

